2024-07-22 14:05:26 [INFO]: Servidor escuchando en el puerto 3023
2024-07-22 14:05:31 [INFO]: Iniciamos la funcion insertarDocumentos [{"pedido":49091286,"data":"17/05/2024","cnpj":"76279534-5    ","codigo":"GAR","codigo_condicao":"GAR","entrega":null,"exportado":null,"tipo_frete":null,"status_pedido":1,"troca":null,"status_descricao":"Aguardando Exportação","observacao":null,"transportadora":null,"codigo_interno_transportadora":null,"itens":[{"pedido_item":107249560,"referencia":"454819-3","qtde":"1","preco":"576","ipi":"0","os":"66284230","qtde_cancelada":"0","qtde_faturada":"0"},{"pedido_item":107249561,"referencia":"961011-9","qtde":"1","preco":"42","ipi":"0","os":"66284230","qtde_cancelada":"0","qtde_faturada":"0"}],"valor_adicional_fabricante":0,"valor_desconto_fabricante":0,"tipoDocumento":"NOTA DE VTA INTERNA","codigo_posto":"76279534-5","informeTecnico":"NO GIRA EL ELEMENTO DE CORTE","modelo":"DUC357","serie":"S987654321","nombreServicioTecnico":"Musil Comercial","direccion":"SANTA ROSA 1508-1510","fechaCompra":"01/02/2024","distribuidor":"CEFERINO ARTURO SEPULVEDA TORO","numeroDocumento":"00000003","os":"66284230"},{"pedido":49091287,"data":"17/05/2024","cnpj":"76279534-5    ","codigo":"GAR","codigo_condicao":"GAR","entrega":null,"exportado":null,"tipo_frete":null,"status_pedido":1,"troca":null,"status_descricao":"Aguardando Exportação","observacao":null,"transportadora":null,"codigo_interno_transportadora":null,"itens":[{"pedido_item":107249562,"referencia":"644808-8","qtde":"1","preco":"2993","ipi":"0","os":"66284231","qtde_cancelada":"0","qtde_faturada":"0"}],"valor_adicional_fabricante":0,"valor_desconto_fabricante":0,"tipoDocumento":"NOTA DE VTA INTERNA","codigo_posto":"76279534-5","informeTecnico":"PERDIDAD DE POTENCIA","modelo":"DUC252","serie":"SERIE900","nombreServicioTecnico":"Musil Comercial","direccion":"SANTA ROSA 1508-1510","fechaCompra":"01/12/2023","distribuidor":"RENATO DIAZ SA","numeroDocumento":"6666666666","os":"66284231"}]
2024-07-22 14:05:31 [ERROR]: Error en insertarDocumentos: Could not find stored procedure 'insertaDocumentosSP'.
2024-07-22 14:57:10 [INFO]: Servidor escuchando en el puerto 3023
2024-07-22 14:58:46 [INFO]: Servidor escuchando en el puerto 3023
2024-07-22 15:00:41 [INFO]: Iniciamos la funcion insertarDocumentos [{"tabla":"DOCUMENTO","subtabla":"NOTA DE VTA INTERNA","archivo":"https://api2.telecontrol.com.br/tdocs/document/id/bb939cdcdae1275c23a0e9cc4f6904c7fdeed300164d4e7e3b15e4619e26d050","fecha":"13-01-2021","usuario":"76279534-5","descripcion":"asasas"}]
2024-07-22 15:00:41 [ERROR]: Error en insertarDocumentos: Cannot read properties of undefined (reading 'toString')
2024-07-22 15:01:51 [INFO]: Servidor escuchando en el puerto 3023
2024-07-22 15:01:53 [INFO]: Iniciamos la funcion insertarDocumentos [{"tabla":"DOCUMENTO","subtabla":"NOTA DE VTA INTERNA","archivo":"https://api2.telecontrol.com.br/tdocs/document/id/bb939cdcdae1275c23a0e9cc4f6904c7fdeed300164d4e7e3b15e4619e26d050","fecha":"13-01-2021","usuario":"76279534-5","descripcion":"asasas"}]
2024-07-22 15:01:53 [ERROR]: Error en insertarDocumentos: Cannot read properties of undefined (reading 'toString')
2024-07-22 15:02:29 [INFO]: Servidor escuchando en el puerto 3023
2024-07-22 15:02:30 [INFO]: Iniciamos la funcion insertarDocumentos [{"tabla":"DOCUMENTO","subtabla":"NOTA DE VTA INTERNA","archivo":"https://api2.telecontrol.com.br/tdocs/document/id/bb939cdcdae1275c23a0e9cc4f6904c7fdeed300164d4e7e3b15e4619e26d050","fecha":"13-01-2021","usuario":"76279534-5","descripcion":"asasas"}]
2024-07-22 15:02:30 [ERROR]: Error en insertarDocumentos: Cannot read properties of undefined (reading 'toString')
2024-07-22 15:04:03 [INFO]: Servidor escuchando en el puerto 3023
2024-07-22 15:04:07 [INFO]: Iniciamos la funcion insertarDocumentos [{"tabla":"DOCUMENTO","subtabla":"NOTA DE VTA INTERNA","archivo":"https://api2.telecontrol.com.br/tdocs/document/id/bb939cdcdae1275c23a0e9cc4f6904c7fdeed300164d4e7e3b15e4619e26d050","fecha":"13-01-2021","usuario":"76279534-5","descripcion":"asasas"}]
2024-07-22 15:04:07 [ERROR]: Error en insertarDocumentos: Procedure or function 'insertaDocumentosSP' expects parameter '@Id', which was not supplied.
2024-07-22 15:06:54 [INFO]: Servidor escuchando en el puerto 3023
2024-07-22 15:06:58 [INFO]: Iniciamos la funcion insertarDocumentos [{"tabla":"DOCUMENTO","subtabla":"NOTA DE VTA INTERNA","archivo":"https://api2.telecontrol.com.br/tdocs/document/id/bb939cdcdae1275c23a0e9cc4f6904c7fdeed300164d4e7e3b15e4619e26d050","fecha":"13-01-2021","usuario":"76279534-5","descripcion":"asasas"}]
2024-07-22 15:06:58 [ERROR]: Error en insertarDocumentos: Procedure or function 'insertaDocumentosSP' expects parameter '@Archivo', which was not supplied.
2024-07-22 15:08:08 [INFO]: Servidor escuchando en el puerto 3023
2024-07-22 15:08:12 [INFO]: Iniciamos la funcion insertarDocumentos [{"tabla":"DOCUMENTO","subtabla":"NOTA DE VTA INTERNA","archivo":"https://api2.telecontrol.com.br/tdocs/document/id/bb939cdcdae1275c23a0e9cc4f6904c7fdeed300164d4e7e3b15e4619e26d050","fecha":"13-01-2021","usuario":"76279534-5","descripcion":"asasas"}]
2024-07-22 15:08:12 [ERROR]: Error en insertarDocumentos: Procedure or function 'insertaDocumentosSP' expects parameter '@Archivo', which was not supplied.
2024-07-22 15:08:25 [INFO]: Servidor escuchando en el puerto 3023
2024-07-22 15:08:26 [INFO]: Iniciamos la funcion insertarDocumentos [{"tabla":"DOCUMENTO","subtabla":"NOTA DE VTA INTERNA","archivo":"https://api2.telecontrol.com.br/tdocs/document/id/bb939cdcdae1275c23a0e9cc4f6904c7fdeed300164d4e7e3b15e4619e26d050","fecha":"13-01-2021","usuario":"76279534-5","descripcion":"asasas"}]
2024-07-22 15:08:26 [ERROR]: Error en insertarDocumentos: Procedure or function 'insertaDocumentosSP' expects parameter '@ResTipoDocumento', which was not supplied.
2024-07-22 15:09:12 [INFO]: Iniciamos la funcion insertarDocumentos [{"tabla":"DOCUMENTO","subtabla":"NOTA DE VTA INTERNA","archivo":"https://api2.telecontrol.com.br/tdocs/document/id/bb939cdcdae1275c23a0e9cc4f6904c7fdeed300164d4e7e3b15e4619e26d050","fecha":"13-01-2021","usuario":"76279534-5","descripcion":"asasas"}]
2024-07-22 15:09:12 [ERROR]: Error en insertarDocumentos: Procedure or function 'insertaDocumentosSP' expects parameter '@ResTipoDocumento', which was not supplied.
2024-07-22 15:09:46 [INFO]: Iniciamos la funcion insertarDocumentos [{"tabla":"DOCUMENTO","subtabla":"NOTA DE VTA INTERNA","archivo":"https://api2.telecontrol.com.br/tdocs/document/id/bb939cdcdae1275c23a0e9cc4f6904c7fdeed300164d4e7e3b15e4619e26d050","fecha":"13-01-2021","usuario":"76279534-5","descripcion":"asasas"}]
2024-07-22 15:09:46 [ERROR]: Error en insertarDocumentos: Procedure or function insertaDocumentosSP has too many arguments specified.
2024-07-22 15:15:42 [INFO]: Iniciamos la funcion insertarDocumentos [{"tabla":"DOCUMENTO","subtabla":"NOTA DE VTA INTERNA","archivo":"https://api2.telecontrol.com.br/tdocs/document/id/bb939cdcdae1275c23a0e9cc4f6904c7fdeed300164d4e7e3b15e4619e26d050","fecha":"13-01-2021","usuario":"76279534-5","descripcion":"asasas"}]
2024-07-22 15:15:43 [ERROR]: Error en insertarDocumentos: pedidos is not defined
2024-07-22 15:17:32 [INFO]: Servidor escuchando en el puerto 3023
2024-07-22 15:17:39 [INFO]: Iniciamos la funcion insertarDocumentos [{"tabla":"DOCUMENTO","subtabla":"NOTA DE VTA INTERNA","archivo":"https://api2.telecontrol.com.br/tdocs/document/id/bb939cdcdae1275c23a0e9cc4f6904c7fdeed300164d4e7e3b15e4619e26d050","fecha":"13-01-2021","usuario":"76279534-5","descripcion":"asasas"}]
2024-07-22 15:17:40 [INFO]: Conexión a la base de datos cerrada
2024-07-22 15:17:40 [INFO]: Fin de la funcion insertarDocumentos [{"recordsets":[[{"Resultado":"Registro insertado","Insertado":0,"resultadoID":null}]],"recordset":[{"Resultado":"Registro insertado","Insertado":0,"resultadoID":null}],"output":{"Insertado":0,"ResultadoID":null},"rowsAffected":[1,1,1,1,0],"returnValue":0,"data":{"tabla":"DOCUMENTO","subtabla":"NOTA DE VTA INTERNA","archivo":"https://api2.telecontrol.com.br/tdocs/document/id/bb939cdcdae1275c23a0e9cc4f6904c7fdeed300164d4e7e3b15e4619e26d050","fecha":"13-01-2021","usuario":"76279534-5","descripcion":"asasas"}}]
2024-07-22 15:19:25 [INFO]: Iniciamos la funcion insertarDocumentos [{"tabla":"DOCUMENTO","subtabla":"NOTA DE VTA INTERNA","archivo":"https://api2.telecontrol.com.br/tdocs/document/id/bb939cdcdae1275c23a0e9cc4f6904c7fdeed300164d4e7e3b15e4619e26d050","fecha":"13-01-2021","usuario":"76279534-5","descripcion":"asasas","idPedido":"12321"}]
2024-07-22 15:19:25 [INFO]: Conexión a la base de datos cerrada
2024-07-22 15:19:25 [INFO]: Fin de la funcion insertarDocumentos [{"recordsets":[[{"Resultado":"Registro insertado","Insertado":0,"resultadoID":"12321"}]],"recordset":[{"Resultado":"Registro insertado","Insertado":0,"resultadoID":"12321"}],"output":{"Insertado":0,"ResultadoID":"12321"},"rowsAffected":[1,1,1,1,0],"returnValue":0,"data":{"tabla":"DOCUMENTO","subtabla":"NOTA DE VTA INTERNA","archivo":"https://api2.telecontrol.com.br/tdocs/document/id/bb939cdcdae1275c23a0e9cc4f6904c7fdeed300164d4e7e3b15e4619e26d050","fecha":"13-01-2021","usuario":"76279534-5","descripcion":"asasas","idPedido":"12321"}}]
